Removed Pin From Net: NetName=3.3V Pin=R_PI-1
Removed Pin From Net: NetName=5V Pin=R_PI-2
Removed Pin From Net: NetName=SDA Pin=R_PI-3
Removed Pin From Net: NetName=5V Pin=R_PI-4
Removed Pin From Net: NetName=SCL Pin=R_PI-5
Removed Pin From Net: NetName=GND Pin=R_PI-6
Removed Pin From Net: NetName=TXD Pin=R_PI-8
Removed Pin From Net: NetName=RXD Pin=R_PI-10
Removed Pin From Net: NetName=SIGNAL Pin=R_PI-12
Removed Pin From Net: NetName=GND Pin=R_PI-14
Removed Pin From Net: NetName=GPIO22 Pin=R_PI-15
Removed Pin From Net: NetName=GPIO23 Pin=R_PI-16
Removed Pin From Net: NetName=3.3V Pin=R_PI-17
Removed Pin From Net: NetName=GPIO24 Pin=R_PI-18
Removed Pin From Net: NetName=GND Pin=R_PI-20
Removed Pin From Net: NetName=GND Pin=R_PI-25
Removed Pin From Net: NetName=SS2 Pin=R_PI-26
Removed Pin From Net: NetName=ID_SC Pin=R_PI-28
Removed Pin From Net: NetName=GND Pin=R_PI-30
Removed Pin From Net: NetName=GPIO6 Pin=R_PI-31
Removed Pin From Net: NetName=R_PWM_0 Pin=R_PI-32
Removed Pin From Net: NetName=R_PWM_1 Pin=R_PI-33
Removed Pin From Net: NetName=GND Pin=R_PI-34
Removed Pin From Net: NetName=GPIO19 Pin=R_PI-35
Removed Pin From Net: NetName=GPIO16 Pin=R_PI-36
Removed Pin From Net: NetName=GPIO26 Pin=R_PI-37
Removed Pin From Net: NetName=GPIO20 Pin=R_PI-38
Removed Pin From Net: NetName=GND Pin=R_PI-39
Removed Pin From Net: NetName=GPIO21 Pin=R_PI-40
Added Pin To Net: NetName=GND Pin=R_PI-1
Added Pin To Net: NetName=GPIO21 Pin=R_PI-2
Added Pin To Net: NetName=GPIO26 Pin=R_PI-3
Added Pin To Net: NetName=GPIO20 Pin=R_PI-4
Added Pin To Net: NetName=GPIO19 Pin=R_PI-5
Added Pin To Net: NetName=GPIO16 Pin=R_PI-6
Added Pin To Net: NetName=R_PWM_1 Pin=R_PI-7
Added Pin To Net: NetName=GND Pin=R_PI-8
Added Pin To Net: NetName=GPIO6 Pin=R_PI-9
Added Pin To Net: NetName=R_PWM_0 Pin=R_PI-10
Added Pin To Net: NetName=GND Pin=R_PI-12
Added Pin To Net: NetName=ID_SC Pin=R_PI-14
Added Pin To Net: NetName=GND Pin=R_PI-15
Added Pin To Net: NetName=SS2 Pin=R_PI-16
Added Pin To Net: NetName=GND Pin=R_PI-22
Added Pin To Net: NetName=3.3V Pin=R_PI-23
Added Pin To Net: NetName=GPIO24 Pin=R_PI-24
Added Pin To Net: NetName=GPIO22 Pin=R_PI-25
Added Pin To Net: NetName=GPIO23 Pin=R_PI-26
Added Pin To Net: NetName=GND Pin=R_PI-28
Added Pin To Net: NetName=RXD Pin=R_PI-32
Added Pin To Net: NetName=TXD Pin=R_PI-34
Added Pin To Net: NetName=SCL Pin=R_PI-35
Added Pin To Net: NetName=GND Pin=R_PI-36
Added Pin To Net: NetName=SDA Pin=R_PI-37
Added Pin To Net: NetName=5V Pin=R_PI-38
Added Pin To Net: NetName=3.3V Pin=R_PI-39
Added Pin To Net: NetName=5V Pin=R_PI-40
Change Net Name : Old Net Name=GPIO17 New Net Name=SS3
Change Net Name : Old Net Name=GPIO27 New Net Name=ID_SD
Change Net Name : Old Net Name=ID_SD New Net Name=GPIO27
Change Net Name : Old Net Name=MISO_CAN New Net Name=MOSI
Change Net Name : Old Net Name=MOSI_CAN New Net Name=MISO
Change Net Name : Old Net Name=SS3 New Net Name=GPIO17
Added Pin To Net: NetName=GPIO4 Pin=GYO-8
Added Pin To Net: NetName=GPIO4 Pin=R_PI-33
Added Net: Name=GPIO4
Added Pin To Net: NetName=GPIO18 Pin=R_PI-30
Added Net: Name=GPIO18
Added Pin To Net: NetName=GPIO25 Pin=R_PI-20
Added Net: Name=GPIO25
Added Pin To Net: NetName=SCLK Pin=R_PI-17
Added Net: Name=SCLK
Added Pin To Net: NetName=SS1 Pin=R_PI-18
Added Net: Name=SS1
